<?xml version="1.0" encoding="UTF-8"?>
<robot generator="Robot 2.8.5 (Jython 2.5.3 on java1.7.0_45)" generated="20150127 14:27:13.323">
<suite source="C:\Users\Kane\tictactoe\acceptance\TicTacToeTests.txt" id="s1" name="TicTacToeTests">
<test id="s1-t1" name="Win Diagonally as X">
<kw type="kw" name="TicTacToeKeywords.Start New Game">
<doc></doc>
<arguments>
</arguments>
<status status="PASS" endtime="20150127 14:27:13.817" starttime="20150127 14:27:13.812"></status>
</kw>
<kw type="kw" name="TicTacToeKeywords.Mark Location">
<doc></doc>
<arguments>
<arg>1</arg>
<arg>1</arg>
</arguments>
<msg timestamp="20150127 14:27:13.825" level="INFO">| | 
   -----
    |X| 
   -----
    | |</msg>
<status status="PASS" endtime="20150127 14:27:13.826" starttime="20150127 14:27:13.820"></status>
</kw>
<kw type="kw" name="Location Should Be">
<doc></doc>
<arguments>
<arg>1</arg>
<arg>1</arg>
<arg>X</arg>
</arguments>
<kw type="kw" name="${m} = TicTacToeKeywords.Get Mark">
<doc></doc>
<arguments>
<arg>${row}</arg>
<arg>${col}</arg>
</arguments>
<msg timestamp="20150127 14:27:13.842" level="INFO">${m} = X</msg>
<status status="PASS" endtime="20150127 14:27:13.841" starttime="20150127 14:27:13.836"></status>
</kw>
<kw type="kw" name="BuiltIn.Should Be Equal">
<doc>Fails if the given objects are unequal.</doc>
<arguments>
<arg>${m}</arg>
<arg>${mark}</arg>
</arguments>
<msg timestamp="20150127 14:27:13.848" level="INFO">Argument types are:
&lt;type 'unicode'&gt;
&lt;type 'unicode'&gt;</msg>
<status status="PASS" endtime="20150127 14:27:13.851" starttime="20150127 14:27:13.844"></status>
</kw>
<status status="PASS" endtime="20150127 14:27:13.854" starttime="20150127 14:27:13.828"></status>
</kw>
<kw type="kw" name="TicTacToeKeywords.Mark Location">
<doc></doc>
<arguments>
<arg>0</arg>
<arg>1</arg>
</arguments>
<msg timestamp="20150127 14:27:13.859" level="INFO">|O| 
   -----
    |X| 
   -----
    | |</msg>
<status status="PASS" endtime="20150127 14:27:13.860" starttime="20150127 14:27:13.856"></status>
</kw>
<kw type="kw" name="Location Should Be">
<doc></doc>
<arguments>
<arg>0</arg>
<arg>1</arg>
<arg>O</arg>
</arguments>
<kw type="kw" name="${m} = TicTacToeKeywords.Get Mark">
<doc></doc>
<arguments>
<arg>${row}</arg>
<arg>${col}</arg>
</arguments>
<msg timestamp="20150127 14:27:13.874" level="INFO">${m} = O</msg>
<status status="PASS" endtime="20150127 14:27:13.873" starttime="20150127 14:27:13.870"></status>
</kw>
<kw type="kw" name="BuiltIn.Should Be Equal">
<doc>Fails if the given objects are unequal.</doc>
<arguments>
<arg>${m}</arg>
<arg>${mark}</arg>
</arguments>
<msg timestamp="20150127 14:27:13.880" level="INFO">Argument types are:
&lt;type 'unicode'&gt;
&lt;type 'unicode'&gt;</msg>
<status status="PASS" endtime="20150127 14:27:13.881" starttime="20150127 14:27:13.876"></status>
</kw>
<status status="PASS" endtime="20150127 14:27:13.883" starttime="20150127 14:27:13.861"></status>
</kw>
<kw type="kw" name="TicTacToeKeywords.Mark Location">
<doc></doc>
<arguments>
<arg>0</arg>
<arg>0</arg>
</arguments>
<msg timestamp="20150127 14:27:13.888" level="INFO">X|O| 
   -----
    |X| 
   -----
    | |</msg>
<status status="PASS" endtime="20150127 14:27:13.888" starttime="20150127 14:27:13.885"></status>
</kw>
<kw type="kw" name="Location Should Be">
<doc></doc>
<arguments>
<arg>0</arg>
<arg>0</arg>
<arg>X</arg>
</arguments>
<kw type="kw" name="${m} = TicTacToeKeywords.Get Mark">
<doc></doc>
<arguments>
<arg>${row}</arg>
<arg>${col}</arg>
</arguments>
<msg timestamp="20150127 14:27:13.902" level="INFO">${m} = X</msg>
<status status="PASS" endtime="20150127 14:27:13.901" starttime="20150127 14:27:13.896"></status>
</kw>
<kw type="kw" name="BuiltIn.Should Be Equal">
<doc>Fails if the given objects are unequal.</doc>
<arguments>
<arg>${m}</arg>
<arg>${mark}</arg>
</arguments>
<msg timestamp="20150127 14:27:13.910" level="INFO">Argument types are:
&lt;type 'unicode'&gt;
&lt;type 'unicode'&gt;</msg>
<status status="PASS" endtime="20150127 14:27:13.911" starttime="20150127 14:27:13.905"></status>
</kw>
<status status="PASS" endtime="20150127 14:27:13.912" starttime="20150127 14:27:13.890"></status>
</kw>
<kw type="kw" name="TicTacToeKeywords.Mark Location">
<doc></doc>
<arguments>
<arg>0</arg>
<arg>2</arg>
</arguments>
<msg timestamp="20150127 14:27:13.917" level="INFO">X|O|O
   -----
    |X| 
   -----
    | |</msg>
<status status="PASS" endtime="20150127 14:27:13.918" starttime="20150127 14:27:13.914"></status>
</kw>
<kw type="kw" name="Location Should Be">
<doc></doc>
<arguments>
<arg>0</arg>
<arg>2</arg>
<arg>O</arg>
</arguments>
<kw type="kw" name="${m} = TicTacToeKeywords.Get Mark">
<doc></doc>
<arguments>
<arg>${row}</arg>
<arg>${col}</arg>
</arguments>
<msg timestamp="20150127 14:27:13.927" level="INFO">${m} = O</msg>
<status status="PASS" endtime="20150127 14:27:13.926" starttime="20150127 14:27:13.924"></status>
</kw>
<kw type="kw" name="BuiltIn.Should Be Equal">
<doc>Fails if the given objects are unequal.</doc>
<arguments>
<arg>${m}</arg>
<arg>${mark}</arg>
</arguments>
<msg timestamp="20150127 14:27:13.930" level="INFO">Argument types are:
&lt;type 'unicode'&gt;
&lt;type 'unicode'&gt;</msg>
<status status="PASS" endtime="20150127 14:27:13.931" starttime="20150127 14:27:13.928"></status>
</kw>
<status status="PASS" endtime="20150127 14:27:13.932" starttime="20150127 14:27:13.919"></status>
</kw>
<kw type="kw" name="TicTacToeKeywords.Mark Location">
<doc></doc>
<arguments>
<arg>2</arg>
<arg>2</arg>
</arguments>
<msg timestamp="20150127 14:27:13.936" level="INFO">X|O|O
   -----
    |X| 
   -----
    | |X</msg>
<status status="PASS" endtime="20150127 14:27:13.937" starttime="20150127 14:27:13.934"></status>
</kw>
<kw type="kw" name="Location Should Be">
<doc></doc>
<arguments>
<arg>2</arg>
<arg>2</arg>
<arg>X</arg>
</arguments>
<kw type="kw" name="${m} = TicTacToeKeywords.Get Mark">
<doc></doc>
<arguments>
<arg>${row}</arg>
<arg>${col}</arg>
</arguments>
<msg timestamp="20150127 14:27:13.945" level="INFO">${m} = X</msg>
<status status="PASS" endtime="20150127 14:27:13.945" starttime="20150127 14:27:13.942"></status>
</kw>
<kw type="kw" name="BuiltIn.Should Be Equal">
<doc>Fails if the given objects are unequal.</doc>
<arguments>
<arg>${m}</arg>
<arg>${mark}</arg>
</arguments>
<msg timestamp="20150127 14:27:13.949" level="INFO">Argument types are:
&lt;type 'unicode'&gt;
&lt;type 'unicode'&gt;</msg>
<status status="PASS" endtime="20150127 14:27:13.950" starttime="20150127 14:27:13.947"></status>
</kw>
<status status="PASS" endtime="20150127 14:27:13.951" starttime="20150127 14:27:13.938"></status>
</kw>
<kw type="kw" name="Winner Should Be">
<doc></doc>
<arguments>
<arg>X</arg>
</arguments>
<kw type="kw" name="${m} = TicTacToeKeywords.Get Winner">
<doc></doc>
<arguments>
</arguments>
<msg timestamp="20150127 14:27:13.958" level="INFO">${m} = X</msg>
<status status="PASS" endtime="20150127 14:27:13.957" starttime="20150127 14:27:13.956"></status>
</kw>
<kw type="kw" name="BuiltIn.Should Be Equal">
<doc>Fails if the given objects are unequal.</doc>
<arguments>
<arg>${m}</arg>
<arg>${mark}</arg>
</arguments>
<msg timestamp="20150127 14:27:13.962" level="INFO">Argument types are:
&lt;type 'unicode'&gt;
&lt;type 'unicode'&gt;</msg>
<status status="PASS" endtime="20150127 14:27:13.962" starttime="20150127 14:27:13.959"></status>
</kw>
<status status="PASS" endtime="20150127 14:27:13.963" starttime="20150127 14:27:13.952"></status>
</kw>
<doc></doc>
<tags>
</tags>
<status status="PASS" critical="yes" endtime="20150127 14:27:13.965" starttime="20150127 14:27:13.805"></status>
</test>
<test id="s1-t2" name="Win Horizontally as O">
<kw type="kw" name="TicTacToeKeywords.Start New Game">
<doc></doc>
<arguments>
</arguments>
<status status="PASS" endtime="20150127 14:27:13.974" starttime="20150127 14:27:13.972"></status>
</kw>
<kw type="kw" name="TicTacToeKeywords.Mark Location">
<doc></doc>
<arguments>
<arg>1</arg>
<arg>1</arg>
</arguments>
<msg timestamp="20150127 14:27:13.978" level="INFO">| | 
   -----
    |X| 
   -----
    | |</msg>
<status status="PASS" endtime="20150127 14:27:13.979" starttime="20150127 14:27:13.975"></status>
</kw>
<kw type="kw" name="Location Should Be">
<doc></doc>
<arguments>
<arg>1</arg>
<arg>1</arg>
<arg>X</arg>
</arguments>
<kw type="kw" name="${m} = TicTacToeKeywords.Get Mark">
<doc></doc>
<arguments>
<arg>${row}</arg>
<arg>${col}</arg>
</arguments>
<msg timestamp="20150127 14:27:13.992" level="INFO">${m} = X</msg>
<status status="PASS" endtime="20150127 14:27:13.991" starttime="20150127 14:27:13.987"></status>
</kw>
<kw type="kw" name="BuiltIn.Should Be Equal">
<doc>Fails if the given objects are unequal.</doc>
<arguments>
<arg>${m}</arg>
<arg>${mark}</arg>
</arguments>
<msg timestamp="20150127 14:27:13.999" level="INFO">Argument types are:
&lt;type 'unicode'&gt;
&lt;type 'unicode'&gt;</msg>
<status status="PASS" endtime="20150127 14:27:14.001" starttime="20150127 14:27:13.994"></status>
</kw>
<status status="PASS" endtime="20150127 14:27:14.006" starttime="20150127 14:27:13.981"></status>
</kw>
<kw type="kw" name="TicTacToeKeywords.Mark Location">
<doc></doc>
<arguments>
<arg>2</arg>
<arg>0</arg>
</arguments>
<msg timestamp="20150127 14:27:14.014" level="INFO">| | 
   -----
    |X| 
   -----
   O| |</msg>
<status status="PASS" endtime="20150127 14:27:14.015" starttime="20150127 14:27:14.010"></status>
</kw>
<kw type="kw" name="Location Should Be">
<doc></doc>
<arguments>
<arg>2</arg>
<arg>0</arg>
<arg>O</arg>
</arguments>
<kw type="kw" name="${m} = TicTacToeKeywords.Get Mark">
<doc></doc>
<arguments>
<arg>${row}</arg>
<arg>${col}</arg>
</arguments>
<msg timestamp="20150127 14:27:14.029" level="INFO">${m} = O</msg>
<status status="PASS" endtime="20150127 14:27:14.028" starttime="20150127 14:27:14.024"></status>
</kw>
<kw type="kw" name="BuiltIn.Should Be Equal">
<doc>Fails if the given objects are unequal.</doc>
<arguments>
<arg>${m}</arg>
<arg>${mark}</arg>
</arguments>
<msg timestamp="20150127 14:27:14.037" level="INFO">Argument types are:
&lt;type 'unicode'&gt;
&lt;type 'unicode'&gt;</msg>
<status status="PASS" endtime="20150127 14:27:14.039" starttime="20150127 14:27:14.032"></status>
</kw>
<status status="PASS" endtime="20150127 14:27:14.041" starttime="20150127 14:27:14.017"></status>
</kw>
<kw type="kw" name="TicTacToeKeywords.Mark Location">
<doc></doc>
<arguments>
<arg>0</arg>
<arg>0</arg>
</arguments>
<msg timestamp="20150127 14:27:14.046" level="INFO">X| | 
   -----
    |X| 
   -----
   O| |</msg>
<status status="PASS" endtime="20150127 14:27:14.046" starttime="20150127 14:27:14.042"></status>
</kw>
<kw type="kw" name="Location Should Be">
<doc></doc>
<arguments>
<arg>0</arg>
<arg>0</arg>
<arg>X</arg>
</arguments>
<kw type="kw" name="${m} = TicTacToeKeywords.Get Mark">
<doc></doc>
<arguments>
<arg>${row}</arg>
<arg>${col}</arg>
</arguments>
<msg timestamp="20150127 14:27:14.058" level="INFO">${m} = X</msg>
<status status="PASS" endtime="20150127 14:27:14.057" starttime="20150127 14:27:14.054"></status>
</kw>
<kw type="kw" name="BuiltIn.Should Be Equal">
<doc>Fails if the given objects are unequal.</doc>
<arguments>
<arg>${m}</arg>
<arg>${mark}</arg>
</arguments>
<msg timestamp="20150127 14:27:14.064" level="INFO">Argument types are:
&lt;type 'unicode'&gt;
&lt;type 'unicode'&gt;</msg>
<status status="PASS" endtime="20150127 14:27:14.066" starttime="20150127 14:27:14.060"></status>
</kw>
<status status="PASS" endtime="20150127 14:27:14.067" starttime="20150127 14:27:14.048"></status>
</kw>
<kw type="kw" name="TicTacToeKeywords.Mark Location">
<doc></doc>
<arguments>
<arg>2</arg>
<arg>2</arg>
</arguments>
<msg timestamp="20150127 14:27:14.071" level="INFO">X| | 
   -----
    |X| 
   -----
   O| |O</msg>
<status status="PASS" endtime="20150127 14:27:14.071" starttime="20150127 14:27:14.069"></status>
</kw>
<kw type="kw" name="Location Should Be">
<doc></doc>
<arguments>
<arg>2</arg>
<arg>2</arg>
<arg>O</arg>
</arguments>
<kw type="kw" name="${m} = TicTacToeKeywords.Get Mark">
<doc></doc>
<arguments>
<arg>${row}</arg>
<arg>${col}</arg>
</arguments>
<msg timestamp="20150127 14:27:14.079" level="INFO">${m} = O</msg>
<status status="PASS" endtime="20150127 14:27:14.079" starttime="20150127 14:27:14.076"></status>
</kw>
<kw type="kw" name="BuiltIn.Should Be Equal">
<doc>Fails if the given objects are unequal.</doc>
<arguments>
<arg>${m}</arg>
<arg>${mark}</arg>
</arguments>
<msg timestamp="20150127 14:27:14.082" level="INFO">Argument types are:
&lt;type 'unicode'&gt;
&lt;type 'unicode'&gt;</msg>
<status status="PASS" endtime="20150127 14:27:14.083" starttime="20150127 14:27:14.080"></status>
</kw>
<status status="PASS" endtime="20150127 14:27:14.084" starttime="20150127 14:27:14.072"></status>
</kw>
<kw type="kw" name="TicTacToeKeywords.Mark Location">
<doc></doc>
<arguments>
<arg>0</arg>
<arg>2</arg>
</arguments>
<msg timestamp="20150127 14:27:14.091" level="INFO">X| |X
   -----
    |X| 
   -----
   O| |O</msg>
<status status="PASS" endtime="20150127 14:27:14.092" starttime="20150127 14:27:14.088"></status>
</kw>
<kw type="kw" name="Location Should Be">
<doc></doc>
<arguments>
<arg>0</arg>
<arg>2</arg>
<arg>X</arg>
</arguments>
<kw type="kw" name="${m} = TicTacToeKeywords.Get Mark">
<doc></doc>
<arguments>
<arg>${row}</arg>
<arg>${col}</arg>
</arguments>
<msg timestamp="20150127 14:27:14.100" level="INFO">${m} = X</msg>
<status status="PASS" endtime="20150127 14:27:14.100" starttime="20150127 14:27:14.097"></status>
</kw>
<kw type="kw" name="BuiltIn.Should Be Equal">
<doc>Fails if the given objects are unequal.</doc>
<arguments>
<arg>${m}</arg>
<arg>${mark}</arg>
</arguments>
<msg timestamp="20150127 14:27:14.104" level="INFO">Argument types are:
&lt;type 'unicode'&gt;
&lt;type 'unicode'&gt;</msg>
<status status="PASS" endtime="20150127 14:27:14.105" starttime="20150127 14:27:14.101"></status>
</kw>
<status status="PASS" endtime="20150127 14:27:14.107" starttime="20150127 14:27:14.093"></status>
</kw>
<kw type="kw" name="TicTacToeKeywords.Mark Location">
<doc></doc>
<arguments>
<arg>2</arg>
<arg>1</arg>
</arguments>
<msg timestamp="20150127 14:27:14.111" level="INFO">X| |X
   -----
    |X| 
   -----
   O|O|O</msg>
<status status="PASS" endtime="20150127 14:27:14.112" starttime="20150127 14:27:14.109"></status>
</kw>
<kw type="kw" name="Location Should Be">
<doc></doc>
<arguments>
<arg>2</arg>
<arg>1</arg>
<arg>O</arg>
</arguments>
<kw type="kw" name="${m} = TicTacToeKeywords.Get Mark">
<doc></doc>
<arguments>
<arg>${row}</arg>
<arg>${col}</arg>
</arguments>
<msg timestamp="20150127 14:27:14.120" level="INFO">${m} = O</msg>
<status status="PASS" endtime="20150127 14:27:14.119" starttime="20150127 14:27:14.117"></status>
</kw>
<kw type="kw" name="BuiltIn.Should Be Equal">
<doc>Fails if the given objects are unequal.</doc>
<arguments>
<arg>${m}</arg>
<arg>${mark}</arg>
</arguments>
<msg timestamp="20150127 14:27:14.123" level="INFO">Argument types are:
&lt;type 'unicode'&gt;
&lt;type 'unicode'&gt;</msg>
<status status="PASS" endtime="20150127 14:27:14.123" starttime="20150127 14:27:14.121"></status>
</kw>
<status status="PASS" endtime="20150127 14:27:14.124" starttime="20150127 14:27:14.113"></status>
</kw>
<kw type="kw" name="Winner Should Be">
<doc></doc>
<arguments>
<arg>O</arg>
</arguments>
<kw type="kw" name="${m} = TicTacToeKeywords.Get Winner">
<doc></doc>
<arguments>
</arguments>
<msg timestamp="20150127 14:27:14.133" level="INFO">${m} = O</msg>
<status status="PASS" endtime="20150127 14:27:14.132" starttime="20150127 14:27:14.130"></status>
</kw>
<kw type="kw" name="BuiltIn.Should Be Equal">
<doc>Fails if the given objects are unequal.</doc>
<arguments>
<arg>${m}</arg>
<arg>${mark}</arg>
</arguments>
<msg timestamp="20150127 14:27:14.137" level="INFO">Argument types are:
&lt;type 'unicode'&gt;
&lt;type 'unicode'&gt;</msg>
<status status="PASS" endtime="20150127 14:27:14.138" starttime="20150127 14:27:14.134"></status>
</kw>
<status status="PASS" endtime="20150127 14:27:14.140" starttime="20150127 14:27:14.125"></status>
</kw>
<doc></doc>
<tags>
</tags>
<status status="PASS" critical="yes" endtime="20150127 14:27:14.141" starttime="20150127 14:27:13.968"></status>
</test>
<test id="s1-t3" name="Force a Tie">
<kw type="kw" name="TicTacToeKeywords.Start New Game">
<doc></doc>
<arguments>
</arguments>
<status status="PASS" endtime="20150127 14:27:14.157" starttime="20150127 14:27:14.153"></status>
</kw>
<kw type="kw" name="TicTacToeKeywords.Mark Location">
<doc></doc>
<arguments>
<arg>1</arg>
<arg>1</arg>
</arguments>
<msg timestamp="20150127 14:27:14.164" level="INFO">| | 
   -----
    |X| 
   -----
    | |</msg>
<status status="PASS" endtime="20150127 14:27:14.165" starttime="20150127 14:27:14.159"></status>
</kw>
<kw type="kw" name="Location Should Be">
<doc></doc>
<arguments>
<arg>1</arg>
<arg>1</arg>
<arg>X</arg>
</arguments>
<kw type="kw" name="${m} = TicTacToeKeywords.Get Mark">
<doc></doc>
<arguments>
<arg>${row}</arg>
<arg>${col}</arg>
</arguments>
<msg timestamp="20150127 14:27:14.180" level="INFO">${m} = X</msg>
<status status="PASS" endtime="20150127 14:27:14.179" starttime="20150127 14:27:14.174"></status>
</kw>
<kw type="kw" name="BuiltIn.Should Be Equal">
<doc>Fails if the given objects are unequal.</doc>
<arguments>
<arg>${m}</arg>
<arg>${mark}</arg>
</arguments>
<msg timestamp="20150127 14:27:14.187" level="INFO">Argument types are:
&lt;type 'unicode'&gt;
&lt;type 'unicode'&gt;</msg>
<status status="PASS" endtime="20150127 14:27:14.188" starttime="20150127 14:27:14.182"></status>
</kw>
<status status="PASS" endtime="20150127 14:27:14.190" starttime="20150127 14:27:14.167"></status>
</kw>
<kw type="kw" name="TicTacToeKeywords.Mark Location">
<doc></doc>
<arguments>
<arg>0</arg>
<arg>0</arg>
</arguments>
<msg timestamp="20150127 14:27:14.195" level="INFO">O| | 
   -----
    |X| 
   -----
    | |</msg>
<status status="PASS" endtime="20150127 14:27:14.196" starttime="20150127 14:27:14.192"></status>
</kw>
<kw type="kw" name="Location Should Be">
<doc></doc>
<arguments>
<arg>0</arg>
<arg>0</arg>
<arg>O</arg>
</arguments>
<kw type="kw" name="${m} = TicTacToeKeywords.Get Mark">
<doc></doc>
<arguments>
<arg>${row}</arg>
<arg>${col}</arg>
</arguments>
<msg timestamp="20150127 14:27:14.209" level="INFO">${m} = O</msg>
<status status="PASS" endtime="20150127 14:27:14.208" starttime="20150127 14:27:14.206"></status>
</kw>
<kw type="kw" name="BuiltIn.Should Be Equal">
<doc>Fails if the given objects are unequal.</doc>
<arguments>
<arg>${m}</arg>
<arg>${mark}</arg>
</arguments>
<msg timestamp="20150127 14:27:14.214" level="INFO">Argument types are:
&lt;type 'unicode'&gt;
&lt;type 'unicode'&gt;</msg>
<status status="PASS" endtime="20150127 14:27:14.215" starttime="20150127 14:27:14.210"></status>
</kw>
<status status="PASS" endtime="20150127 14:27:14.217" starttime="20150127 14:27:14.198"></status>
</kw>
<kw type="kw" name="TicTacToeKeywords.Mark Location">
<doc></doc>
<arguments>
<arg>2</arg>
<arg>0</arg>
</arguments>
<msg timestamp="20150127 14:27:14.221" level="INFO">O| | 
   -----
    |X| 
   -----
   X| |</msg>
<status status="PASS" endtime="20150127 14:27:14.221" starttime="20150127 14:27:14.218"></status>
</kw>
<kw type="kw" name="Location Should Be">
<doc></doc>
<arguments>
<arg>2</arg>
<arg>0</arg>
<arg>X</arg>
</arguments>
<kw type="kw" name="${m} = TicTacToeKeywords.Get Mark">
<doc></doc>
<arguments>
<arg>${row}</arg>
<arg>${col}</arg>
</arguments>
<msg timestamp="20150127 14:27:14.230" level="INFO">${m} = X</msg>
<status status="PASS" endtime="20150127 14:27:14.230" starttime="20150127 14:27:14.227"></status>
</kw>
<kw type="kw" name="BuiltIn.Should Be Equal">
<doc>Fails if the given objects are unequal.</doc>
<arguments>
<arg>${m}</arg>
<arg>${mark}</arg>
</arguments>
<msg timestamp="20150127 14:27:14.234" level="INFO">Argument types are:
&lt;type 'unicode'&gt;
&lt;type 'unicode'&gt;</msg>
<status status="PASS" endtime="20150127 14:27:14.235" starttime="20150127 14:27:14.232"></status>
</kw>
<status status="PASS" endtime="20150127 14:27:14.236" starttime="20150127 14:27:14.222"></status>
</kw>
<kw type="kw" name="TicTacToeKeywords.Mark Location">
<doc></doc>
<arguments>
<arg>0</arg>
<arg>2</arg>
</arguments>
<msg timestamp="20150127 14:27:14.239" level="INFO">O| |O
   -----
    |X| 
   -----
   X| |</msg>
<status status="PASS" endtime="20150127 14:27:14.239" starttime="20150127 14:27:14.237"></status>
</kw>
<kw type="kw" name="Location Should Be">
<doc></doc>
<arguments>
<arg>0</arg>
<arg>2</arg>
<arg>O</arg>
</arguments>
<kw type="kw" name="${m} = TicTacToeKeywords.Get Mark">
<doc></doc>
<arguments>
<arg>${row}</arg>
<arg>${col}</arg>
</arguments>
<msg timestamp="20150127 14:27:14.247" level="INFO">${m} = O</msg>
<status status="PASS" endtime="20150127 14:27:14.247" starttime="20150127 14:27:14.244"></status>
</kw>
<kw type="kw" name="BuiltIn.Should Be Equal">
<doc>Fails if the given objects are unequal.</doc>
<arguments>
<arg>${m}</arg>
<arg>${mark}</arg>
</arguments>
<msg timestamp="20150127 14:27:14.251" level="INFO">Argument types are:
&lt;type 'unicode'&gt;
&lt;type 'unicode'&gt;</msg>
<status status="PASS" endtime="20150127 14:27:14.252" starttime="20150127 14:27:14.248"></status>
</kw>
<status status="PASS" endtime="20150127 14:27:14.253" starttime="20150127 14:27:14.240"></status>
</kw>
<kw type="kw" name="TicTacToeKeywords.Mark Location">
<doc></doc>
<arguments>
<arg>0</arg>
<arg>1</arg>
</arguments>
<msg timestamp="20150127 14:27:14.257" level="INFO">O|X|O
   -----
    |X| 
   -----
   X| |</msg>
<status status="PASS" endtime="20150127 14:27:14.257" starttime="20150127 14:27:14.254"></status>
</kw>
<kw type="kw" name="Location Should Be">
<doc></doc>
<arguments>
<arg>0</arg>
<arg>1</arg>
<arg>X</arg>
</arguments>
<kw type="kw" name="${m} = TicTacToeKeywords.Get Mark">
<doc></doc>
<arguments>
<arg>${row}</arg>
<arg>${col}</arg>
</arguments>
<msg timestamp="20150127 14:27:14.267" level="INFO">${m} = X</msg>
<status status="PASS" endtime="20150127 14:27:14.266" starttime="20150127 14:27:14.263"></status>
</kw>
<kw type="kw" name="BuiltIn.Should Be Equal">
<doc>Fails if the given objects are unequal.</doc>
<arguments>
<arg>${m}</arg>
<arg>${mark}</arg>
</arguments>
<msg timestamp="20150127 14:27:14.271" level="INFO">Argument types are:
&lt;type 'unicode'&gt;
&lt;type 'unicode'&gt;</msg>
<status status="PASS" endtime="20150127 14:27:14.272" starttime="20150127 14:27:14.268"></status>
</kw>
<status status="PASS" endtime="20150127 14:27:14.273" starttime="20150127 14:27:14.258"></status>
</kw>
<kw type="kw" name="TicTacToeKeywords.Mark Location">
<doc></doc>
<arguments>
<arg>2</arg>
<arg>1</arg>
</arguments>
<msg timestamp="20150127 14:27:14.277" level="INFO">O|X|O
   -----
    |X| 
   -----
   X|O|</msg>
<status status="PASS" endtime="20150127 14:27:14.277" starttime="20150127 14:27:14.274"></status>
</kw>
<kw type="kw" name="Location Should Be">
<doc></doc>
<arguments>
<arg>2</arg>
<arg>1</arg>
<arg>O</arg>
</arguments>
<kw type="kw" name="${m} = TicTacToeKeywords.Get Mark">
<doc></doc>
<arguments>
<arg>${row}</arg>
<arg>${col}</arg>
</arguments>
<msg timestamp="20150127 14:27:14.290" level="INFO">${m} = O</msg>
<status status="PASS" endtime="20150127 14:27:14.289" starttime="20150127 14:27:14.285"></status>
</kw>
<kw type="kw" name="BuiltIn.Should Be Equal">
<doc>Fails if the given objects are unequal.</doc>
<arguments>
<arg>${m}</arg>
<arg>${mark}</arg>
</arguments>
<msg timestamp="20150127 14:27:14.294" level="INFO">Argument types are:
&lt;type 'unicode'&gt;
&lt;type 'unicode'&gt;</msg>
<status status="PASS" endtime="20150127 14:27:14.294" starttime="20150127 14:27:14.292"></status>
</kw>
<status status="PASS" endtime="20150127 14:27:14.295" starttime="20150127 14:27:14.279"></status>
</kw>
<kw type="kw" name="TicTacToeKeywords.Mark Location">
<doc></doc>
<arguments>
<arg>1</arg>
<arg>2</arg>
</arguments>
<msg timestamp="20150127 14:27:14.299" level="INFO">O|X|O
   -----
    |X|X
   -----
   X|O|</msg>
<status status="PASS" endtime="20150127 14:27:14.300" starttime="20150127 14:27:14.298"></status>
</kw>
<kw type="kw" name="Location Should Be">
<doc></doc>
<arguments>
<arg>1</arg>
<arg>2</arg>
<arg>X</arg>
</arguments>
<kw type="kw" name="${m} = TicTacToeKeywords.Get Mark">
<doc></doc>
<arguments>
<arg>${row}</arg>
<arg>${col}</arg>
</arguments>
<msg timestamp="20150127 14:27:14.307" level="INFO">${m} = X</msg>
<status status="PASS" endtime="20150127 14:27:14.307" starttime="20150127 14:27:14.305"></status>
</kw>
<kw type="kw" name="BuiltIn.Should Be Equal">
<doc>Fails if the given objects are unequal.</doc>
<arguments>
<arg>${m}</arg>
<arg>${mark}</arg>
</arguments>
<msg timestamp="20150127 14:27:14.311" level="INFO">Argument types are:
&lt;type 'unicode'&gt;
&lt;type 'unicode'&gt;</msg>
<status status="PASS" endtime="20150127 14:27:14.312" starttime="20150127 14:27:14.309"></status>
</kw>
<status status="PASS" endtime="20150127 14:27:14.313" starttime="20150127 14:27:14.301"></status>
</kw>
<kw type="kw" name="TicTacToeKeywords.Mark Location">
<doc></doc>
<arguments>
<arg>1</arg>
<arg>0</arg>
</arguments>
<msg timestamp="20150127 14:27:14.317" level="INFO">O|X|O
   -----
   O|X|X
   -----
   X|O|</msg>
<status status="PASS" endtime="20150127 14:27:14.317" starttime="20150127 14:27:14.315"></status>
</kw>
<kw type="kw" name="Location Should Be">
<doc></doc>
<arguments>
<arg>1</arg>
<arg>0</arg>
<arg>O</arg>
</arguments>
<kw type="kw" name="${m} = TicTacToeKeywords.Get Mark">
<doc></doc>
<arguments>
<arg>${row}</arg>
<arg>${col}</arg>
</arguments>
<msg timestamp="20150127 14:27:14.323" level="INFO">${m} = O</msg>
<status status="PASS" endtime="20150127 14:27:14.323" starttime="20150127 14:27:14.321"></status>
</kw>
<kw type="kw" name="BuiltIn.Should Be Equal">
<doc>Fails if the given objects are unequal.</doc>
<arguments>
<arg>${m}</arg>
<arg>${mark}</arg>
</arguments>
<msg timestamp="20150127 14:27:14.326" level="INFO">Argument types are:
&lt;type 'unicode'&gt;
&lt;type 'unicode'&gt;</msg>
<status status="PASS" endtime="20150127 14:27:14.327" starttime="20150127 14:27:14.324"></status>
</kw>
<status status="PASS" endtime="20150127 14:27:14.328" starttime="20150127 14:27:14.318"></status>
</kw>
<kw type="kw" name="TicTacToeKeywords.Mark Location">
<doc></doc>
<arguments>
<arg>2</arg>
<arg>2</arg>
</arguments>
<msg timestamp="20150127 14:27:14.331" level="INFO">O|X|O
   -----
   O|X|X
   -----
   X|O|X</msg>
<status status="PASS" endtime="20150127 14:27:14.331" starttime="20150127 14:27:14.329"></status>
</kw>
<kw type="kw" name="Location Should Be">
<doc></doc>
<arguments>
<arg>2</arg>
<arg>2</arg>
<arg>X</arg>
</arguments>
<kw type="kw" name="${m} = TicTacToeKeywords.Get Mark">
<doc></doc>
<arguments>
<arg>${row}</arg>
<arg>${col}</arg>
</arguments>
<msg timestamp="20150127 14:27:14.338" level="INFO">${m} = X</msg>
<status status="PASS" endtime="20150127 14:27:14.338" starttime="20150127 14:27:14.335"></status>
</kw>
<kw type="kw" name="BuiltIn.Should Be Equal">
<doc>Fails if the given objects are unequal.</doc>
<arguments>
<arg>${m}</arg>
<arg>${mark}</arg>
</arguments>
<msg timestamp="20150127 14:27:14.341" level="INFO">Argument types are:
&lt;type 'unicode'&gt;
&lt;type 'unicode'&gt;</msg>
<status status="PASS" endtime="20150127 14:27:14.342" starttime="20150127 14:27:14.339"></status>
</kw>
<status status="PASS" endtime="20150127 14:27:14.343" starttime="20150127 14:27:14.332"></status>
</kw>
<kw type="kw" name="Winner Should Be">
<doc></doc>
<arguments>
<arg>TIE</arg>
</arguments>
<kw type="kw" name="${m} = TicTacToeKeywords.Get Winner">
<doc></doc>
<arguments>
</arguments>
<msg timestamp="20150127 14:27:14.348" level="INFO">${m} = TIE</msg>
<status status="PASS" endtime="20150127 14:27:14.348" starttime="20150127 14:27:14.346"></status>
</kw>
<kw type="kw" name="BuiltIn.Should Be Equal">
<doc>Fails if the given objects are unequal.</doc>
<arguments>
<arg>${m}</arg>
<arg>${mark}</arg>
</arguments>
<msg timestamp="20150127 14:27:14.351" level="INFO">Argument types are:
&lt;type 'unicode'&gt;
&lt;type 'unicode'&gt;</msg>
<status status="PASS" endtime="20150127 14:27:14.351" starttime="20150127 14:27:14.349"></status>
</kw>
<status status="PASS" endtime="20150127 14:27:14.352" starttime="20150127 14:27:14.344"></status>
</kw>
<doc></doc>
<tags>
</tags>
<status status="PASS" critical="yes" endtime="20150127 14:27:14.353" starttime="20150127 14:27:14.145"></status>
</test>
<doc></doc>
<metadata>
</metadata>
<status status="PASS" endtime="20150127 14:27:14.359" starttime="20150127 14:27:13.332"></status>
</suite>
<statistics>
<total>
<stat pass="3" fail="0">Critical Tests</stat>
<stat pass="3" fail="0">All Tests</stat>
</total>
<tag>
</tag>
<suite>
<stat pass="3" id="s1" fail="0" name="TicTacToeTests">TicTacToeTests</stat>
</suite>
</statistics>
<errors>
</errors>
</robot>
